0 info it worked if it ends with ok
1 verbose cli [ 'node',
1 verbose cli   '/usr/local/bin/npm',
1 verbose cli   'install',
1 verbose cli   'karma-jasmine',
1 verbose cli   '--save-dev' ]
2 info using npm@1.4.28
3 info using node@v0.10.35
4 verbose readDependencies using package.json deps
5 verbose cache add [ 'karma-jasmine', null ]
6 verbose cache add name=undefined spec="karma-jasmine" args=["karma-jasmine",null]
7 verbose parsed url { protocol: null,
7 verbose parsed url   slashes: null,
7 verbose parsed url   auth: null,
7 verbose parsed url   host: null,
7 verbose parsed url   port: null,
7 verbose parsed url   hostname: null,
7 verbose parsed url   hash: null,
7 verbose parsed url   search: null,
7 verbose parsed url   query: null,
7 verbose parsed url   pathname: 'karma-jasmine',
7 verbose parsed url   path: 'karma-jasmine',
7 verbose parsed url   href: 'karma-jasmine' }
8 silly lockFile df56d5e8-karma-jasmine karma-jasmine
9 verbose lock karma-jasmine /Users/tim/.npm/df56d5e8-karma-jasmine.lock
10 silly lockFile df56d5e8-karma-jasmine karma-jasmine
11 silly lockFile df56d5e8-karma-jasmine karma-jasmine
12 verbose addNamed [ 'karma-jasmine', '' ]
13 verbose addNamed [ null, '*' ]
14 silly lockFile a9316641-karma-jasmine karma-jasmine@
15 verbose lock karma-jasmine@ /Users/tim/.npm/a9316641-karma-jasmine.lock
16 silly addNameRange { name: 'karma-jasmine', range: '*', hasData: false }
17 verbose request where is /karma-jasmine
18 verbose request registry https://registry.npmjs.org/
19 verbose request id 61dfc76ec4f52d1a
20 verbose url raw /karma-jasmine
21 verbose url resolving [ 'https://registry.npmjs.org/', './karma-jasmine' ]
22 verbose url resolved https://registry.npmjs.org/karma-jasmine
23 verbose request where is https://registry.npmjs.org/karma-jasmine
24 info trying registry request attempt 1 at 13:41:24
25 verbose etag "VORR8LHWJK4QEZWHEI16MFVJ"
26 http GET https://registry.npmjs.org/karma-jasmine
27 http 304 https://registry.npmjs.org/karma-jasmine
28 silly registry.get cb [ 304,
28 silly registry.get   { date: 'Wed, 06 May 2015 03:41:24 GMT',
28 silly registry.get     via: '1.1 varnish',
28 silly registry.get     'cache-control': 'max-age=60',
28 silly registry.get     etag: '"VORR8LHWJK4QEZWHEI16MFVJ"',
28 silly registry.get     age: '19',
28 silly registry.get     connection: 'keep-alive',
28 silly registry.get     'x-served-by': 'cache-syd1623-SYD',
28 silly registry.get     'x-cache': 'HIT',
28 silly registry.get     'x-cache-hits': '1',
28 silly registry.get     'x-timer': 'S1430883684.315080,VS0,VE0',
28 silly registry.get     vary: 'Accept' } ]
29 verbose etag https://registry.npmjs.org/karma-jasmine from cache
30 silly addNameRange number 2 { name: 'karma-jasmine', range: '*', hasData: true }
31 silly addNameRange versions [ 'karma-jasmine',
31 silly addNameRange   [ '0.0.1',
31 silly addNameRange     '0.0.2',
31 silly addNameRange     '0.0.3',
31 silly addNameRange     '0.1.0',
31 silly addNameRange     '0.1.1',
31 silly addNameRange     '0.1.2',
31 silly addNameRange     '0.1.3',
31 silly addNameRange     '0.1.4',
31 silly addNameRange     '0.1.5',
31 silly addNameRange     '0.2.0',
31 silly addNameRange     '0.2.1',
31 silly addNameRange     '0.2.2',
31 silly addNameRange     '0.2.3',
31 silly addNameRange     '0.3.0',
31 silly addNameRange     '0.3.1',
31 silly addNameRange     '0.3.2',
31 silly addNameRange     '0.3.3',
31 silly addNameRange     '0.3.4',
31 silly addNameRange     '0.3.5' ] ]
32 verbose addNamed [ 'karma-jasmine', '0.3.5' ]
33 verbose addNamed [ '0.3.5', '0.3.5' ]
34 silly lockFile b510234b-karma-jasmine-0-3-5 karma-jasmine@0.3.5
35 verbose lock karma-jasmine@0.3.5 /Users/tim/.npm/b510234b-karma-jasmine-0-3-5.lock
36 silly lockFile b510234b-karma-jasmine-0-3-5 karma-jasmine@0.3.5
37 silly lockFile b510234b-karma-jasmine-0-3-5 karma-jasmine@0.3.5
38 silly lockFile a9316641-karma-jasmine karma-jasmine@
39 silly lockFile a9316641-karma-jasmine karma-jasmine@
40 silly resolved [ { name: 'karma-jasmine',
40 silly resolved     version: '0.3.5',
40 silly resolved     description: 'A Karma plugin - adapter for Jasmine testing framework.',
40 silly resolved     main: 'lib/index.js',
40 silly resolved     scripts: { test: 'grunt test' },
40 silly resolved     repository:
40 silly resolved      { type: 'git',
40 silly resolved        url: 'git://github.com/karma-runner/karma-jasmine.git' },
40 silly resolved     keywords: [ 'karma-plugin', 'karma-adapter', 'jasmine' ],
40 silly resolved     author: { name: 'Vojta Jina', email: 'vojta.jina@gmail.com' },
40 silly resolved     dependencies: {},
40 silly resolved     devDependencies:
40 silly resolved      { grunt: '~0.4.1',
40 silly resolved        'grunt-contrib-jshint': '~0.6',
40 silly resolved        karma: '~0.12.0',
40 silly resolved        'karma-jasmine': '~0.1.0',
40 silly resolved        'karma-chrome-launcher': '~0.1.0',
40 silly resolved        'karma-firefox-launcher': '~0.1.0',
40 silly resolved        'grunt-karma': '~0.8.0',
40 silly resolved        'grunt-auto-release': '~0.0.2',
40 silly resolved        'grunt-npm': '~0.0.2',
40 silly resolved        'grunt-bump': '~0.0.7',
40 silly resolved        'jasmine-core': '~2.1.0' },
40 silly resolved     peerDependencies: { karma: '>=0.9', 'jasmine-core': '*' },
40 silly resolved     license: 'MIT',
40 silly resolved     contributors:
40 silly resolved      [ [Object],
40 silly resolved        [Object],
40 silly resolved        [Object],
40 silly resolved        [Object],
40 silly resolved        [Object],
40 silly resolved        [Object],
40 silly resolved        [Object],
40 silly resolved        [Object],
40 silly resolved        [Object],
40 silly resolved        [Object],
40 silly resolved        [Object],
40 silly resolved        [Object],
40 silly resolved        [Object] ],
40 silly resolved     bugs: { url: 'https://github.com/karma-runner/karma-jasmine/issues' },
40 silly resolved     homepage: 'https://github.com/karma-runner/karma-jasmine',
40 silly resolved     _id: 'karma-jasmine@0.3.5',
40 silly resolved     dist:
40 silly resolved      { shasum: 'd6c7bce49f0747b59b557156502a28009a44055d',
40 silly resolved        tarball: 'http://registry.npmjs.org/karma-jasmine/-/karma-jasmine-0.3.5.tgz' },
40 silly resolved     _from: 'karma-jasmine@',
40 silly resolved     _npmVersion: '1.4.4',
40 silly resolved     _npmUser: { name: 'vojtajina', email: 'vojta.jina@gmail.com' },
40 silly resolved     maintainers: [ [Object], [Object] ],
40 silly resolved     directories: {},
40 silly resolved     _shasum: 'd6c7bce49f0747b59b557156502a28009a44055d',
40 silly resolved     _resolved: 'https://registry.npmjs.org/karma-jasmine/-/karma-jasmine-0.3.5.tgz',
40 silly resolved     readme: 'ERROR: No README data found!' } ]
41 info install karma-jasmine@0.3.5 into /Users/tim/repos/Vincent
42 info installOne karma-jasmine@0.3.5
43 verbose node_modules/karma-jasmine unbuild
44 info preuninstall karma-jasmine@0.3.5
45 info uninstall karma-jasmine@0.3.5
46 verbose true,/Users/tim/repos/Vincent/node_modules,/Users/tim/repos/Vincent/node_modules unbuild karma-jasmine@0.3.5
47 info postuninstall karma-jasmine@0.3.5
48 verbose tar unpack /Users/tim/.npm/karma-jasmine/0.3.5/package.tgz
49 silly lockFile 59bb9612-ncent-node-modules-karma-jasmine tar:///Users/tim/repos/Vincent/node_modules/karma-jasmine
50 verbose lock tar:///Users/tim/repos/Vincent/node_modules/karma-jasmine /Users/tim/.npm/59bb9612-ncent-node-modules-karma-jasmine.lock
51 silly lockFile 11693497--karma-jasmine-0-3-5-package-tgz tar:///Users/tim/.npm/karma-jasmine/0.3.5/package.tgz
52 verbose lock tar:///Users/tim/.npm/karma-jasmine/0.3.5/package.tgz /Users/tim/.npm/11693497--karma-jasmine-0-3-5-package-tgz.lock
53 silly gunzTarPerm modes [ '755', '644' ]
54 silly gunzTarPerm extractEntry package.json
55 silly gunzTarPerm extractEntry README.md
56 silly gunzTarPerm extractEntry LICENSE
57 silly gunzTarPerm extractEntry integration-tests.sh
58 silly gunzTarPerm extractEntry lib/adapter.js
59 silly gunzTarPerm extractEntry lib/boot.js
60 silly gunzTarPerm extractEntry lib/index.js
61 silly lockFile 59bb9612-ncent-node-modules-karma-jasmine tar:///Users/tim/repos/Vincent/node_modules/karma-jasmine
62 silly lockFile 59bb9612-ncent-node-modules-karma-jasmine tar:///Users/tim/repos/Vincent/node_modules/karma-jasmine
63 silly lockFile 11693497--karma-jasmine-0-3-5-package-tgz tar:///Users/tim/.npm/karma-jasmine/0.3.5/package.tgz
64 silly lockFile 11693497--karma-jasmine-0-3-5-package-tgz tar:///Users/tim/.npm/karma-jasmine/0.3.5/package.tgz
65 info preinstall karma-jasmine@0.3.5
66 verbose readDependencies using package.json deps
67 verbose readDependencies using package.json deps
68 silly resolved []
69 verbose about to build /Users/tim/repos/Vincent/node_modules/karma-jasmine
70 info build /Users/tim/repos/Vincent/node_modules/karma-jasmine
71 verbose linkStuff [ false, false, false, '/Users/tim/repos/Vincent/node_modules' ]
72 info linkStuff karma-jasmine@0.3.5
73 verbose linkBins karma-jasmine@0.3.5
74 verbose linkMans karma-jasmine@0.3.5
75 verbose rebuildBundles karma-jasmine@0.3.5
76 info install karma-jasmine@0.3.5
77 info postinstall karma-jasmine@0.3.5
78 warn unmet dependency /Users/tim/repos/Vincent/node_modules/gulp-imagemin/node_modules/imagemin/node_modules/meow/node_modules/indent-string requires minimist@'^1.1.0' but will load
78 warn unmet dependency undefined,
78 warn unmet dependency which is version undefined
79 warn unmet dependency /Users/tim/repos/Vincent/node_modules/gulp-imagemin/node_modules/imagemin/node_modules/meow/node_modules/indent-string/node_modules/repeating/node_modules/meow requires minimist@'^1.1.0' but will load
79 warn unmet dependency undefined,
79 warn unmet dependency which is version undefined
80 warn unmet dependency /Users/tim/repos/Vincent/node_modules/gulp-imagemin/node_modules/imagemin/node_modules/imagemin-gifsicle/node_modules/gifsicle/node_modules/bin-build/node_modules/archive-type/node_modules/meow/node_modules/indent-string requires minimist@'^1.1.0' but will load
80 warn unmet dependency undefined,
80 warn unmet dependency which is version undefined
81 warn unmet dependency /Users/tim/repos/Vincent/node_modules/gulp-imagemin/node_modules/imagemin/node_modules/imagemin-gifsicle/node_modules/gifsicle/node_modules/bin-build/node_modules/decompress/node_modules/vinyl-fs/node_modules/glob-stream/node_modules/unique-stream/node_modules/es6-set/node_modules/es5-ext requires es6-symbol@'~2.0.1' but will load
81 warn unmet dependency /Users/tim/repos/Vincent/node_modules/gulp-imagemin/node_modules/imagemin/node_modules/imagemin-gifsicle/node_modules/gifsicle/node_modules/bin-build/node_modules/decompress/node_modules/vinyl-fs/node_modules/glob-stream/node_modules/unique-stream/node_modules/es6-set/node_modules/es6-symbol,
81 warn unmet dependency which is version 0.1.1
82 warn unmet dependency /Users/tim/repos/Vincent/node_modules/gulp-imagemin/node_modules/imagemin/node_modules/imagemin-gifsicle/node_modules/gifsicle/node_modules/bin-wrapper/node_modules/bin-check/node_modules/executable/node_modules/meow/node_modules/indent-string requires minimist@'^1.1.0' but will load
82 warn unmet dependency undefined,
82 warn unmet dependency which is version undefined
83 warn unmet dependency /Users/tim/repos/Vincent/node_modules/gulp-imagemin/node_modules/imagemin/node_modules/imagemin-gifsicle/node_modules/gifsicle/node_modules/bin-wrapper/node_modules/download/node_modules/decompress-tarbz2/node_modules/tar-stream/node_modules/bl requires readable-stream@'~1.0.26' but will load
83 warn unmet dependency undefined,
83 warn unmet dependency which is version undefined
84 warn unmet dependency /Users/tim/repos/Vincent/node_modules/gulp-imagemin/node_modules/imagemin/node_modules/imagemin-jpegtran/node_modules/jpegtran-bin/node_modules/bin-build/node_modules/decompress/node_modules/meow/node_modules/indent-string requires minimist@'^1.1.0' but will load
84 warn unmet dependency undefined,
84 warn unmet dependency which is version undefined
85 warn unmet dependency /Users/tim/repos/Vincent/node_modules/gulp-imagemin/node_modules/imagemin/node_modules/imagemin-jpegtran/node_modules/jpegtran-bin/node_modules/bin-build/node_modules/decompress/node_modules/decompress-tar/node_modules/tar-stream/node_modules/bl requires readable-stream@'~1.0.26' but will load
85 warn unmet dependency undefined,
85 warn unmet dependency which is version undefined
86 warn unmet dependency /Users/tim/repos/Vincent/node_modules/gulp-imagemin/node_modules/imagemin/node_modules/imagemin-jpegtran/node_modules/jpegtran-bin/node_modules/bin-build/node_modules/decompress/node_modules/vinyl-fs/node_modules/glob-stream/node_modules/unique-stream/node_modules/es6-set/node_modules/es5-ext requires es6-symbol@'~2.0.1' but will load
86 warn unmet dependency /Users/tim/repos/Vincent/node_modules/gulp-imagemin/node_modules/imagemin/node_modules/imagemin-jpegtran/node_modules/jpegtran-bin/node_modules/bin-build/node_modules/decompress/node_modules/vinyl-fs/node_modules/glob-stream/node_modules/unique-stream/node_modules/es6-set/node_modules/es6-symbol,
86 warn unmet dependency which is version 0.1.1
87 warn unmet dependency /Users/tim/repos/Vincent/node_modules/gulp-imagemin/node_modules/imagemin/node_modules/imagemin-jpegtran/node_modules/jpegtran-bin/node_modules/bin-build/node_modules/download/node_modules/decompress-tar/node_modules/tar-stream/node_modules/bl requires readable-stream@'~1.0.26' but will load
87 warn unmet dependency undefined,
87 warn unmet dependency which is version undefined
88 warn unmet dependency /Users/tim/repos/Vincent/node_modules/gulp-imagemin/node_modules/imagemin/node_modules/imagemin-jpegtran/node_modules/jpegtran-bin/node_modules/bin-build/node_modules/download/node_modules/decompress-tarbz2/node_modules/tar-stream/node_modules/bl requires readable-stream@'~1.0.26' but will load
88 warn unmet dependency undefined,
88 warn unmet dependency which is version undefined
89 warn unmet dependency /Users/tim/repos/Vincent/node_modules/gulp-imagemin/node_modules/imagemin/node_modules/imagemin-jpegtran/node_modules/jpegtran-bin/node_modules/bin-wrapper/node_modules/bin-check/node_modules/executable/node_modules/meow/node_modules/indent-string requires minimist@'^1.1.0' but will load
89 warn unmet dependency undefined,
89 warn unmet dependency which is version undefined
90 warn unmet dependency /Users/tim/repos/Vincent/node_modules/gulp-imagemin/node_modules/imagemin/node_modules/imagemin-jpegtran/node_modules/jpegtran-bin/node_modules/bin-wrapper/node_modules/bin-version-check/node_modules/bin-version/node_modules/find-versions requires minimist@'^1.1.0' but will load
90 warn unmet dependency undefined,
90 warn unmet dependency which is version undefined
91 warn unmet dependency /Users/tim/repos/Vincent/node_modules/gulp-imagemin/node_modules/imagemin/node_modules/imagemin-jpegtran/node_modules/jpegtran-bin/node_modules/bin-wrapper/node_modules/download/node_modules/decompress-tarbz2/node_modules/tar-stream/node_modules/bl requires readable-stream@'~1.0.26' but will load
91 warn unmet dependency undefined,
91 warn unmet dependency which is version undefined
92 warn unmet dependency /Users/tim/repos/Vincent/node_modules/gulp-imagemin/node_modules/imagemin/node_modules/imagemin-jpegtran/node_modules/jpegtran-bin/node_modules/bin-wrapper/node_modules/download/node_modules/decompress-targz/node_modules/tar-stream/node_modules/bl requires readable-stream@'~1.0.26' but will load
92 warn unmet dependency undefined,
92 warn unmet dependency which is version undefined
93 warn unmet dependency /Users/tim/repos/Vincent/node_modules/gulp-imagemin/node_modules/imagemin/node_modules/imagemin-optipng/node_modules/optipng-bin/node_modules/bin-build/node_modules/decompress/node_modules/meow/node_modules/indent-string requires minimist@'^1.1.0' but will load
93 warn unmet dependency undefined,
93 warn unmet dependency which is version undefined
94 warn unmet dependency /Users/tim/repos/Vincent/node_modules/gulp-imagemin/node_modules/imagemin/node_modules/imagemin-optipng/node_modules/optipng-bin/node_modules/bin-build/node_modules/decompress/node_modules/vinyl-fs/node_modules/glob-stream/node_modules/unique-stream/node_modules/es6-set/node_modules/es5-ext requires es6-symbol@'~2.0.1' but will load
94 warn unmet dependency /Users/tim/repos/Vincent/node_modules/gulp-imagemin/node_modules/imagemin/node_modules/imagemin-optipng/node_modules/optipng-bin/node_modules/bin-build/node_modules/decompress/node_modules/vinyl-fs/node_modules/glob-stream/node_modules/unique-stream/node_modules/es6-set/node_modules/es6-symbol,
94 warn unmet dependency which is version 0.1.1
95 warn unmet dependency /Users/tim/repos/Vincent/node_modules/gulp-imagemin/node_modules/imagemin/node_modules/imagemin-optipng/node_modules/optipng-bin/node_modules/bin-build/node_modules/download/node_modules/decompress-tar/node_modules/tar-stream/node_modules/bl requires readable-stream@'~1.0.26' but will load
95 warn unmet dependency undefined,
95 warn unmet dependency which is version undefined
96 warn unmet dependency /Users/tim/repos/Vincent/node_modules/gulp-imagemin/node_modules/imagemin/node_modules/imagemin-optipng/node_modules/optipng-bin/node_modules/bin-build/node_modules/download/node_modules/decompress-targz/node_modules/tar-stream/node_modules/bl requires readable-stream@'~1.0.26' but will load
96 warn unmet dependency undefined,
96 warn unmet dependency which is version undefined
97 warn unmet dependency /Users/tim/repos/Vincent/node_modules/gulp-imagemin/node_modules/imagemin/node_modules/imagemin-optipng/node_modules/optipng-bin/node_modules/bin-wrapper/node_modules/download/node_modules/decompress-tar/node_modules/tar-stream/node_modules/bl requires readable-stream@'~1.0.26' but will load
97 warn unmet dependency undefined,
97 warn unmet dependency which is version undefined
98 warn unmet dependency /Users/tim/repos/Vincent/node_modules/gulp-imagemin/node_modules/imagemin/node_modules/imagemin-optipng/node_modules/optipng-bin/node_modules/bin-wrapper/node_modules/download/node_modules/decompress-tarbz2/node_modules/tar-stream/node_modules/bl requires readable-stream@'~1.0.26' but will load
98 warn unmet dependency undefined,
98 warn unmet dependency which is version undefined
99 warn unmet dependency /Users/tim/repos/Vincent/node_modules/gulp-imagemin/node_modules/imagemin/node_modules/imagemin-optipng/node_modules/optipng-bin/node_modules/bin-wrapper/node_modules/download/node_modules/decompress-targz/node_modules/tar-stream/node_modules/bl requires readable-stream@'~1.0.26' but will load
99 warn unmet dependency undefined,
99 warn unmet dependency which is version undefined
100 warn unmet dependency /Users/tim/repos/Vincent/node_modules/gulp-imagemin/node_modules/imagemin/node_modules/imagemin-pngquant/node_modules/pngquant-bin/node_modules/bin-build/node_modules/archive-type/node_modules/meow/node_modules/indent-string requires minimist@'^1.1.0' but will load
100 warn unmet dependency undefined,
100 warn unmet dependency which is version undefined
101 warn unmet dependency /Users/tim/repos/Vincent/node_modules/gulp-imagemin/node_modules/imagemin/node_modules/imagemin-pngquant/node_modules/pngquant-bin/node_modules/bin-build/node_modules/decompress/node_modules/meow/node_modules/indent-string requires minimist@'^1.1.0' but will load
101 warn unmet dependency undefined,
101 warn unmet dependency which is version undefined
102 warn unmet dependency /Users/tim/repos/Vincent/node_modules/gulp-imagemin/node_modules/imagemin/node_modules/imagemin-pngquant/node_modules/pngquant-bin/node_modules/bin-build/node_modules/decompress/node_modules/decompress-tar/node_modules/tar-stream/node_modules/bl requires readable-stream@'~1.0.26' but will load
102 warn unmet dependency undefined,
102 warn unmet dependency which is version undefined
103 warn unmet dependency /Users/tim/repos/Vincent/node_modules/gulp-imagemin/node_modules/imagemin/node_modules/imagemin-pngquant/node_modules/pngquant-bin/node_modules/bin-build/node_modules/decompress/node_modules/decompress-targz/node_modules/tar-stream/node_modules/bl requires readable-stream@'~1.0.26' but will load
103 warn unmet dependency undefined,
103 warn unmet dependency which is version undefined
104 warn unmet dependency /Users/tim/repos/Vincent/node_modules/gulp-imagemin/node_modules/imagemin/node_modules/imagemin-pngquant/node_modules/pngquant-bin/node_modules/bin-build/node_modules/decompress/node_modules/vinyl-fs/node_modules/glob-stream/node_modules/unique-stream/node_modules/es6-set/node_modules/es5-ext requires es6-symbol@'~2.0.1' but will load
104 warn unmet dependency /Users/tim/repos/Vincent/node_modules/gulp-imagemin/node_modules/imagemin/node_modules/imagemin-pngquant/node_modules/pngquant-bin/node_modules/bin-build/node_modules/decompress/node_modules/vinyl-fs/node_modules/glob-stream/node_modules/unique-stream/node_modules/es6-set/node_modules/es6-symbol,
104 warn unmet dependency which is version 0.1.1
105 warn unmet dependency /Users/tim/repos/Vincent/node_modules/gulp-imagemin/node_modules/imagemin/node_modules/imagemin-pngquant/node_modules/pngquant-bin/node_modules/bin-wrapper/node_modules/download/node_modules/meow/node_modules/indent-string requires minimist@'^1.1.0' but will load
105 warn unmet dependency undefined,
105 warn unmet dependency which is version undefined
106 warn unmet dependency /Users/tim/repos/Vincent/node_modules/gulp-imagemin/node_modules/imagemin/node_modules/imagemin-pngquant/node_modules/pngquant-bin/node_modules/bin-wrapper/node_modules/download/node_modules/gulp-decompress/node_modules/decompress/node_modules/decompress-tarbz2/node_modules/tar-stream/node_modules/bl requires readable-stream@'~1.0.26' but will load
106 warn unmet dependency undefined,
106 warn unmet dependency which is version undefined
107 warn unmet dependency /Users/tim/repos/Vincent/node_modules/gulp-imagemin/node_modules/imagemin/node_modules/imagemin-pngquant/node_modules/pngquant-bin/node_modules/bin-wrapper/node_modules/download/node_modules/vinyl-fs/node_modules/glob-stream/node_modules/unique-stream/node_modules/es6-set/node_modules/es5-ext requires es6-symbol@'~2.0.1' but will load
107 warn unmet dependency /Users/tim/repos/Vincent/node_modules/gulp-imagemin/node_modules/imagemin/node_modules/imagemin-pngquant/node_modules/pngquant-bin/node_modules/bin-wrapper/node_modules/download/node_modules/vinyl-fs/node_modules/glob-stream/node_modules/unique-stream/node_modules/es6-set/node_modules/es6-symbol,
107 warn unmet dependency which is version 0.1.1
108 error peerinvalid The package karma-jasmine does not satisfy its siblings' peerDependencies requirements!
108 error peerinvalid Peer karma@0.10.10 wants karma-jasmine@~0.1.0
109 error System Darwin 14.0.0
110 error command "node" "/usr/local/bin/npm" "install" "karma-jasmine" "--save-dev"
111 error cwd /Users/tim/repos/Vincent
112 error node -v v0.10.35
113 error npm -v 1.4.28
114 error code EPEERINVALID
115 verbose exit [ 1, true ]
